
KAIO (Client)	Fri Feb 24 15:09:29 2023
	INET/INET_connect: getservbyname failed, error code = 11004


KAIO (Client)	Fri Feb 24 15:09:31 2023
	INET/INET_connect: getservbyname failed, error code = 11004


KAIO (Client)	Fri Feb 24 15:09:36 2023
	INET/INET_connect: getservbyname failed, error code = 11004


KAIO (Client)	Fri Feb 24 15:09:38 2023
	INET/INET_connect: getservbyname failed, error code = 11004


KAIO (Client)	Fri Feb 24 15:09:47 2023
	INET/INET_connect: getservbyname failed, error code = 11004


KAIO (Client)	Fri Feb 24 15:09:49 2023
	INET/INET_connect: getservbyname failed, error code = 11004


KAIO (Client)	Fri Feb 24 15:10:34 2023
	INET/INET_connect: getservbyname failed, error code = 11004


KAIO (Client)	Fri Feb 24 15:10:36 2023
	INET/INET_connect: getservbyname failed, error code = 11004


KAIO (Client)	Fri Feb 24 15:15:07 2023
	INET/inet_error: connect errno = 10061


KAIO (Client)	Fri Feb 24 15:15:11 2023
	INET/inet_error: connect errno = 10061


KAIO (Client)	Fri Feb 24 15:16:03 2023
	INET/inet_error: connect errno = 10061


KAIO (Client)	Fri Feb 24 15:16:07 2023
	INET/inet_error: connect errno = 10061


KAIO (Client)	Fri Feb 24 17:53:55 2023
	INET/INET_connect: getservbyname failed, error code = 11004


KAIO (Client)	Fri Feb 24 17:53:57 2023
	INET/INET_connect: getservbyname failed, error code = 11004


SUPORTE3 (Client)	Tue Jul 25 14:08:04 2023
	INET/INET_connect: gethostbyname (SYSDBA) failed, error code = 11001


SUPORTE3 (Client)	Tue Jul 25 14:08:08 2023
	INET/INET_connect: gethostbyname (SYSDBA) failed, error code = 11001


SUPORTE3 (Client)	Tue Jul 25 14:17:02 2023
	INET/INET_connect: gethostbyname (SYSDBA) failed, error code = 11001


SUPORTE3 (Client)	Tue Jul 25 14:17:06 2023
	INET/INET_connect: gethostbyname (SYSDBA) failed, error code = 11001


SUPORTE3 (Client)	Tue Jul 25 16:36:06 2023
	INET/INET_connect: gethostbyname (SYSDBA) failed, error code = 11001


SUPORTE3 (Client)	Tue Jul 25 16:36:11 2023
	INET/INET_connect: gethostbyname (SYSDBA) failed, error code = 11001


SUPORTE3 (Client)	Thu Jan 11 11:10:46 2024
	INET/inet_error: read errno = 10053


SUPORTE3 (Client)	Thu Jan 11 11:10:49 2024
	INET/inet_error: send errno = 10053


SUPORTE3 (Client)	Thu Jan 11 11:10:49 2024
	REMOTE INTERFACE/gds__detach: Unsuccesful detach from database. 
	Uncommitted work may have been lost


SUPORTE3 (Client)	Thu Jan 11 11:10:49 2024
	INET/inet_error: send errno = 10053


SUPORTE3 (Client)	Thu Jan 11 15:13:54 2024
	INET/inet_error: read errno = 10053


SUPORTE3 (Client)	Thu Jan 11 15:13:54 2024
	INET/inet_error: send errno = 10053


SUPORTE3 (Client)	Thu Jan 11 15:13:54 2024
	REMOTE INTERFACE/gds__detach: Unsuccesful detach from database. 
	Uncommitted work may have been lost


SUPORTE3 (Client)	Thu Jan 11 15:13:54 2024
	INET/inet_error: send errno = 10053

